{"/Users/arthurnangai/Documents/react/fastFastFront/src/App.js": {"path":"/Users/arthurnangai/Documents/react/fastFastFront/src/App.js","statementMap":{"0":{"start":{"line":6,"column":4},"end":{"line":8,"column":6}}},"fnMap":{"0":{"name":"(anonymous_0)","decl":{"start":{"line":5,"column":2},"end":{"line":5,"column":3}},"loc":{"start":{"line":5,"column":11},"end":{"line":9,"column":3}},"line":5}},"branchMap":{},"s":{"0":1},"f":{"0":1},"b":{},"_coverageSchema":"43e27e138ebf9cfc5966b082cf9a028302ed4184","hash":"5ea5fca83fd8a1bc21303ca0caebca809a8b0bc1"}
,"/Users/arthurnangai/Documents/react/fastFastFront/src/__tests__/setup/setupEnzyme.js": {"path":"/Users/arthurnangai/Documents/react/fastFastFront/src/__tests__/setup/setupEnzyme.js","statementMap":{"0":{"start":{"line":4,"column":0},"end":{"line":4,"column":45}}},"fnMap":{},"branchMap":{},"s":{"0":7},"f":{},"b":{},"_coverageSchema":"43e27e138ebf9cfc5966b082cf9a028302ed4184","hash":"80145db69384e938062acb8d3e0b6224c5e0952e"}
,"/Users/arthurnangai/Documents/react/fastFastFront/src/components/auth/LoginForm.jsx": {"path":"/Users/arthurnangai/Documents/react/fastFastFront/src/components/auth/LoginForm.jsx","statementMap":{"0":{"start":{"line":6,"column":18},"end":{"line":34,"column":1}},"1":{"start":{"line":9,"column":2},"end":{"line":33,"column":4}},"2":{"start":{"line":36,"column":0},"end":{"line":42,"column":2}}},"fnMap":{"0":{"name":"(anonymous_0)","decl":{"start":{"line":6,"column":18},"end":{"line":6,"column":19}},"loc":{"start":{"line":8,"column":6},"end":{"line":34,"column":1}},"line":8}},"branchMap":{},"s":{"0":2,"1":1,"2":2},"f":{"0":1},"b":{},"_coverageSchema":"43e27e138ebf9cfc5966b082cf9a028302ed4184","hash":"6514ccbd8da4eb2538b7f6125dd134701b18282d"}
,"/Users/arthurnangai/Documents/react/fastFastFront/src/components/auth/SignUpForm.jsx": {"path":"/Users/arthurnangai/Documents/react/fastFastFront/src/components/auth/SignUpForm.jsx","statementMap":{"0":{"start":{"line":7,"column":19},"end":{"line":49,"column":1}},"1":{"start":{"line":10,"column":2},"end":{"line":48,"column":4}},"2":{"start":{"line":51,"column":0},"end":{"line":57,"column":2}}},"fnMap":{"0":{"name":"(anonymous_0)","decl":{"start":{"line":7,"column":19},"end":{"line":7,"column":20}},"loc":{"start":{"line":9,"column":6},"end":{"line":49,"column":1}},"line":9}},"branchMap":{},"s":{"0":3,"1":2,"2":3},"f":{"0":2},"b":{},"_coverageSchema":"43e27e138ebf9cfc5966b082cf9a028302ed4184","hash":"c394f50dc3d8b20287bc8c2b1004c10db41ec952"}
,"/Users/arthurnangai/Documents/react/fastFastFront/src/components/common/NumberInput.jsx": {"path":"/Users/arthurnangai/Documents/react/fastFastFront/src/components/common/NumberInput.jsx","statementMap":{"0":{"start":{"line":4,"column":18},"end":{"line":23,"column":1}},"1":{"start":{"line":7,"column":23},"end":{"line":7,"column":35}},"2":{"start":{"line":8,"column":2},"end":{"line":22,"column":4}},"3":{"start":{"line":25,"column":0},"end":{"line":32,"column":2}}},"fnMap":{"0":{"name":"(anonymous_0)","decl":{"start":{"line":4,"column":18},"end":{"line":4,"column":19}},"loc":{"start":{"line":6,"column":6},"end":{"line":23,"column":1}},"line":6}},"branchMap":{},"s":{"0":4,"1":1,"2":1,"3":4},"f":{"0":1},"b":{},"_coverageSchema":"43e27e138ebf9cfc5966b082cf9a028302ed4184","hash":"9fa68edc795ddf9c140001b31b6bdfb45d7cb3d3"}
,"/Users/arthurnangai/Documents/react/fastFastFront/src/components/common/PasswordInput.jsx": {"path":"/Users/arthurnangai/Documents/react/fastFastFront/src/components/common/PasswordInput.jsx","statementMap":{"0":{"start":{"line":4,"column":22},"end":{"line":23,"column":1}},"1":{"start":{"line":7,"column":23},"end":{"line":7,"column":35}},"2":{"start":{"line":8,"column":2},"end":{"line":22,"column":4}},"3":{"start":{"line":25,"column":0},"end":{"line":31,"column":2}}},"fnMap":{"0":{"name":"(anonymous_0)","decl":{"start":{"line":4,"column":22},"end":{"line":4,"column":23}},"loc":{"start":{"line":6,"column":6},"end":{"line":23,"column":1}},"line":6}},"branchMap":{},"s":{"0":3,"1":2,"2":2,"3":3},"f":{"0":2},"b":{},"_coverageSchema":"43e27e138ebf9cfc5966b082cf9a028302ed4184","hash":"ee4459ce835d7b362f630bd0c7b4267b1b17b0b9"}
,"/Users/arthurnangai/Documents/react/fastFastFront/src/components/common/TextInput.jsx": {"path":"/Users/arthurnangai/Documents/react/fastFastFront/src/components/common/TextInput.jsx","statementMap":{"0":{"start":{"line":4,"column":18},"end":{"line":23,"column":1}},"1":{"start":{"line":7,"column":23},"end":{"line":7,"column":35}},"2":{"start":{"line":8,"column":2},"end":{"line":22,"column":4}},"3":{"start":{"line":25,"column":0},"end":{"line":32,"column":2}}},"fnMap":{"0":{"name":"(anonymous_0)","decl":{"start":{"line":4,"column":18},"end":{"line":4,"column":19}},"loc":{"start":{"line":6,"column":6},"end":{"line":23,"column":1}},"line":6}},"branchMap":{},"s":{"0":4,"1":4,"2":4,"3":4},"f":{"0":4},"b":{},"_coverageSchema":"43e27e138ebf9cfc5966b082cf9a028302ed4184","hash":"e77f1e9dac382a345141f9037c1379a9a6c99f80"}
,"/Users/arthurnangai/Documents/react/fastFastFront/src/redux/actions/actionTypes.js": {"path":"/Users/arthurnangai/Documents/react/fastFastFront/src/redux/actions/actionTypes.js","statementMap":{"0":{"start":{"line":1,"column":27},"end":{"line":1,"column":40}},"1":{"start":{"line":2,"column":26},"end":{"line":2,"column":38}},"2":{"start":{"line":3,"column":35},"end":{"line":3,"column":56}},"3":{"start":{"line":4,"column":33},"end":{"line":4,"column":52}},"4":{"start":{"line":5,"column":36},"end":{"line":5,"column":58}}},"fnMap":{},"branchMap":{},"s":{"0":5,"1":5,"2":5,"3":5,"4":5},"f":{},"b":{},"_coverageSchema":"43e27e138ebf9cfc5966b082cf9a028302ed4184","hash":"44a014546535d56e49c08166a1c97c489aaf7039"}
,"/Users/arthurnangai/Documents/react/fastFastFront/src/redux/actions/authActions.js": {"path":"/Users/arthurnangai/Documents/react/fastFastFront/src/redux/actions/authActions.js","statementMap":{"0":{"start":{"line":4,"column":2},"end":{"line":4,"column":46}},"1":{"start":{"line":8,"column":2},"end":{"line":8,"column":50}}},"fnMap":{"0":{"name":"signUp","decl":{"start":{"line":3,"column":16},"end":{"line":3,"column":22}},"loc":{"start":{"line":3,"column":32},"end":{"line":5,"column":1}},"line":3},"1":{"name":"loginUser","decl":{"start":{"line":7,"column":16},"end":{"line":7,"column":25}},"loc":{"start":{"line":7,"column":40},"end":{"line":9,"column":1}},"line":7}},"branchMap":{},"s":{"0":1,"1":1},"f":{"0":1,"1":1},"b":{},"_coverageSchema":"43e27e138ebf9cfc5966b082cf9a028302ed4184","hash":"9c537503d1027d7bd92f04abeb2601251af679a8"}
,"/Users/arthurnangai/Documents/react/fastFastFront/src/redux/reducers/authReducer.js": {"path":"/Users/arthurnangai/Documents/react/fastFastFront/src/redux/reducers/authReducer.js","statementMap":{"0":{"start":{"line":4,"column":2},"end":{"line":12,"column":3}},"1":{"start":{"line":6,"column":6},"end":{"line":8,"column":8}},"2":{"start":{"line":11,"column":6},"end":{"line":11,"column":19}}},"fnMap":{"0":{"name":"authReducer","decl":{"start":{"line":3,"column":24},"end":{"line":3,"column":35}},"loc":{"start":{"line":3,"column":56},"end":{"line":13,"column":1}},"line":3}},"branchMap":{"0":{"loc":{"start":{"line":3,"column":36},"end":{"line":3,"column":46}},"type":"default-arg","locations":[{"start":{"line":3,"column":44},"end":{"line":3,"column":46}}],"line":3},"1":{"loc":{"start":{"line":4,"column":2},"end":{"line":12,"column":3}},"type":"switch","locations":[{"start":{"line":5,"column":4},"end":{"line":8,"column":8}},{"start":{"line":10,"column":4},"end":{"line":11,"column":19}}],"line":4}},"s":{"0":5,"1":1,"2":4},"f":{"0":5},"b":{"0":[4],"1":[1,4]},"_coverageSchema":"43e27e138ebf9cfc5966b082cf9a028302ed4184","hash":"188f723287a951dde2aeba9f28cae0c88612cced"}
,"/Users/arthurnangai/Documents/react/fastFastFront/src/redux/reducers/index.js": {"path":"/Users/arthurnangai/Documents/react/fastFastFront/src/redux/reducers/index.js","statementMap":{"0":{"start":{"line":5,"column":20},"end":{"line":7,"column":2}}},"fnMap":{},"branchMap":{},"s":{"0":1},"f":{},"b":{},"_coverageSchema":"43e27e138ebf9cfc5966b082cf9a028302ed4184","hash":"b31068fce9bf7dbfd545e669467a479f1f82b5dc"}
,"/Users/arthurnangai/Documents/react/fastFastFront/src/redux/reducers/loginReducer.js": {"path":"/Users/arthurnangai/Documents/react/fastFastFront/src/redux/reducers/loginReducer.js","statementMap":{"0":{"start":{"line":4,"column":2},"end":{"line":11,"column":3}},"1":{"start":{"line":6,"column":6},"end":{"line":8,"column":8}},"2":{"start":{"line":10,"column":6},"end":{"line":10,"column":19}}},"fnMap":{"0":{"name":"loginReducer","decl":{"start":{"line":3,"column":24},"end":{"line":3,"column":36}},"loc":{"start":{"line":3,"column":57},"end":{"line":12,"column":1}},"line":3}},"branchMap":{"0":{"loc":{"start":{"line":3,"column":37},"end":{"line":3,"column":47}},"type":"default-arg","locations":[{"start":{"line":3,"column":45},"end":{"line":3,"column":47}}],"line":3},"1":{"loc":{"start":{"line":4,"column":2},"end":{"line":11,"column":3}},"type":"switch","locations":[{"start":{"line":5,"column":4},"end":{"line":8,"column":8}},{"start":{"line":9,"column":4},"end":{"line":10,"column":19}}],"line":4}},"s":{"0":5,"1":1,"2":4},"f":{"0":5},"b":{"0":[4],"1":[1,4]},"_coverageSchema":"43e27e138ebf9cfc5966b082cf9a028302ed4184","hash":"75705de3009b9e3e4eadc81f8b958db21aa45cf5"}
,"/Users/arthurnangai/Documents/react/fastFastFront/src/redux/store/configureStore.js": {"path":"/Users/arthurnangai/Documents/react/fastFastFront/src/redux/store/configureStore.js","statementMap":{"0":{"start":{"line":6,"column":2},"end":{"line":10,"column":4}}},"fnMap":{"0":{"name":"configureStore","decl":{"start":{"line":5,"column":24},"end":{"line":5,"column":38}},"loc":{"start":{"line":5,"column":52},"end":{"line":11,"column":1}},"line":5}},"branchMap":{},"s":{"0":1},"f":{"0":1},"b":{},"_coverageSchema":"43e27e138ebf9cfc5966b082cf9a028302ed4184","hash":"20885b5850bcd6168f4c10e0eface1d97f1bc48a"}
,"/Users/arthurnangai/Documents/react/fastFastFront/src/redux/thunks/index.js": {"path":"/Users/arthurnangai/Documents/react/fastFastFront/src/redux/thunks/index.js","statementMap":{"0":{"start":{"line":1,"column":15},"end":{"line":1,"column":47}},"1":{"start":{"line":3,"column":18},"end":{"line":12,"column":1}},"2":{"start":{"line":4,"column":2},"end":{"line":11,"column":36}},"3":{"start":{"line":9,"column":17},"end":{"line":9,"column":27}},"4":{"start":{"line":10,"column":22},"end":{"line":10,"column":55}},"5":{"start":{"line":11,"column":18},"end":{"line":11,"column":34}},"6":{"start":{"line":15,"column":2},"end":{"line":15,"column":79}},"7":{"start":{"line":15,"column":25},"end":{"line":15,"column":76}}},"fnMap":{"0":{"name":"(anonymous_0)","decl":{"start":{"line":3,"column":18},"end":{"line":3,"column":19}},"loc":{"start":{"line":3,"column":63},"end":{"line":12,"column":1}},"line":3},"1":{"name":"(anonymous_1)","decl":{"start":{"line":9,"column":10},"end":{"line":9,"column":11}},"loc":{"start":{"line":9,"column":17},"end":{"line":9,"column":27}},"line":9},"2":{"name":"(anonymous_2)","decl":{"start":{"line":10,"column":10},"end":{"line":10,"column":11}},"loc":{"start":{"line":10,"column":22},"end":{"line":10,"column":55}},"line":10},"3":{"name":"(anonymous_3)","decl":{"start":{"line":11,"column":11},"end":{"line":11,"column":12}},"loc":{"start":{"line":11,"column":18},"end":{"line":11,"column":34}},"line":11},"4":{"name":"postDataThunk","decl":{"start":{"line":14,"column":16},"end":{"line":14,"column":29}},"loc":{"start":{"line":14,"column":61},"end":{"line":16,"column":1}},"line":14},"5":{"name":"(anonymous_5)","decl":{"start":{"line":15,"column":9},"end":{"line":15,"column":10}},"loc":{"start":{"line":15,"column":23},"end":{"line":15,"column":78}},"line":15}},"branchMap":{},"s":{"0":2,"1":2,"2":0,"3":0,"4":0,"5":0,"6":0,"7":0},"f":{"0":0,"1":0,"2":0,"3":0,"4":0,"5":0},"b":{},"_coverageSchema":"43e27e138ebf9cfc5966b082cf9a028302ed4184","hash":"41dfcd1c3770db06cbbf30d13b268cd2c8a89fe1"}
,"/Users/arthurnangai/Documents/react/fastFastFront/src/routes/index.jsx": {"path":"/Users/arthurnangai/Documents/react/fastFastFront/src/routes/index.jsx","statementMap":{"0":{"start":{"line":7,"column":14},"end":{"line":7,"column":30}},"1":{"start":{"line":9,"column":15},"end":{"line":17,"column":1}},"2":{"start":{"line":10,"column":2},"end":{"line":16,"column":13}}},"fnMap":{"0":{"name":"(anonymous_0)","decl":{"start":{"line":9,"column":15},"end":{"line":9,"column":16}},"loc":{"start":{"line":10,"column":2},"end":{"line":16,"column":13}},"line":10}},"branchMap":{},"s":{"0":1,"1":1,"2":1},"f":{"0":1},"b":{},"_coverageSchema":"43e27e138ebf9cfc5966b082cf9a028302ed4184","hash":"5dcadbc878fbeed0c5cd3bd2d0166a4bf927eee6"}
,"/Users/arthurnangai/Documents/react/fastFastFront/src/views/homeView.jsx": {"path":"/Users/arthurnangai/Documents/react/fastFastFront/src/views/homeView.jsx","statementMap":{"0":{"start":{"line":14,"column":4},"end":{"line":14,"column":26}},"1":{"start":{"line":15,"column":4},"end":{"line":17,"column":6}},"2":{"start":{"line":18,"column":4},"end":{"line":18,"column":59}},"3":{"start":{"line":19,"column":4},"end":{"line":19,"column":45}},"4":{"start":{"line":20,"column":4},"end":{"line":20,"column":39}},"5":{"start":{"line":24,"column":36},"end":{"line":24,"column":52}},"6":{"start":{"line":25,"column":4},"end":{"line":28,"column":5}},"7":{"start":{"line":26,"column":6},"end":{"line":26,"column":37}},"8":{"start":{"line":27,"column":6},"end":{"line":27,"column":19}},"9":{"start":{"line":29,"column":4},"end":{"line":36,"column":5}},"10":{"start":{"line":30,"column":6},"end":{"line":32,"column":7}},"11":{"start":{"line":31,"column":8},"end":{"line":31,"column":36}},"12":{"start":{"line":33,"column":6},"end":{"line":33,"column":45}},"13":{"start":{"line":34,"column":6},"end":{"line":34,"column":76}},"14":{"start":{"line":35,"column":6},"end":{"line":35,"column":24}},"15":{"start":{"line":40,"column":18},"end":{"line":40,"column":35}},"16":{"start":{"line":41,"column":21},"end":{"line":41,"column":31}},"17":{"start":{"line":42,"column":4},"end":{"line":42,"column":37}},"18":{"start":{"line":43,"column":4},"end":{"line":43,"column":35}},"19":{"start":{"line":47,"column":21},"end":{"line":47,"column":31}},"20":{"start":{"line":48,"column":27},"end":{"line":48,"column":37}},"21":{"start":{"line":49,"column":4},"end":{"line":49,"column":27}},"22":{"start":{"line":50,"column":4},"end":{"line":50,"column":39}},"23":{"start":{"line":54,"column":21},"end":{"line":54,"column":31}},"24":{"start":{"line":55,"column":27},"end":{"line":55,"column":37}},"25":{"start":{"line":56,"column":4},"end":{"line":56,"column":27}},"26":{"start":{"line":57,"column":4},"end":{"line":57,"column":41}},"27":{"start":{"line":61,"column":21},"end":{"line":61,"column":31}},"28":{"start":{"line":62,"column":4},"end":{"line":89,"column":6}},"29":{"start":{"line":93,"column":0},"end":{"line":95,"column":2}},"30":{"start":{"line":98,"column":2},"end":{"line":101,"column":4}},"31":{"start":{"line":105,"column":2},"end":{"line":107,"column":4}}},"fnMap":{"0":{"name":"(anonymous_0)","decl":{"start":{"line":13,"column":2},"end":{"line":13,"column":3}},"loc":{"start":{"line":13,"column":30},"end":{"line":21,"column":3}},"line":13},"1":{"name":"(anonymous_1)","decl":{"start":{"line":23,"column":2},"end":{"line":23,"column":3}},"loc":{"start":{"line":23,"column":32},"end":{"line":37,"column":3}},"line":23},"2":{"name":"(anonymous_2)","decl":{"start":{"line":39,"column":2},"end":{"line":39,"column":3}},"loc":{"start":{"line":39,"column":25},"end":{"line":44,"column":3}},"line":39},"3":{"name":"(anonymous_3)","decl":{"start":{"line":46,"column":2},"end":{"line":46,"column":3}},"loc":{"start":{"line":46,"column":18},"end":{"line":51,"column":3}},"line":46},"4":{"name":"(anonymous_4)","decl":{"start":{"line":53,"column":2},"end":{"line":53,"column":3}},"loc":{"start":{"line":53,"column":15},"end":{"line":58,"column":3}},"line":53},"5":{"name":"(anonymous_5)","decl":{"start":{"line":60,"column":2},"end":{"line":60,"column":3}},"loc":{"start":{"line":60,"column":11},"end":{"line":90,"column":3}},"line":60},"6":{"name":"mapStateToProps","decl":{"start":{"line":97,"column":9},"end":{"line":97,"column":24}},"loc":{"start":{"line":97,"column":32},"end":{"line":102,"column":1}},"line":97},"7":{"name":"mapDispatchToProps","decl":{"start":{"line":104,"column":9},"end":{"line":104,"column":27}},"loc":{"start":{"line":104,"column":38},"end":{"line":108,"column":1}},"line":104}},"branchMap":{"0":{"loc":{"start":{"line":25,"column":4},"end":{"line":28,"column":5}},"type":"if","locations":[{"start":{"line":25,"column":4},"end":{"line":28,"column":5}},{"start":{"line":25,"column":4},"end":{"line":28,"column":5}}],"line":25},"1":{"loc":{"start":{"line":25,"column":8},"end":{"line":25,"column":69}},"type":"binary-expr","locations":[{"start":{"line":25,"column":9},"end":{"line":25,"column":44}},{"start":{"line":25,"column":50},"end":{"line":25,"column":68}}],"line":25},"2":{"loc":{"start":{"line":29,"column":4},"end":{"line":36,"column":5}},"type":"if","locations":[{"start":{"line":29,"column":4},"end":{"line":36,"column":5}},{"start":{"line":29,"column":4},"end":{"line":36,"column":5}}],"line":29},"3":{"loc":{"start":{"line":30,"column":6},"end":{"line":32,"column":7}},"type":"if","locations":[{"start":{"line":30,"column":6},"end":{"line":32,"column":7}},{"start":{"line":30,"column":6},"end":{"line":32,"column":7}}],"line":30}},"s":{"0":4,"1":4,"2":4,"3":4,"4":4,"5":1,"6":1,"7":0,"8":0,"9":1,"10":0,"11":0,"12":0,"13":0,"14":0,"15":1,"16":1,"17":1,"18":1,"19":1,"20":1,"21":1,"22":1,"23":1,"24":1,"25":1,"26":1,"27":5,"28":5,"29":2,"30":1,"31":1},"f":{"0":4,"1":1,"2":1,"3":1,"4":1,"5":5,"6":1,"7":1},"b":{"0":[0,1],"1":[1,0],"2":[0,1],"3":[0,0]},"_coverageSchema":"43e27e138ebf9cfc5966b082cf9a028302ed4184","hash":"540356c7dba5929b48df079c206e99396af7600a"}
}
