{"/Users/arthurnangai/Documents/react/fastFastFront/src/App.js": {"path":"/Users/arthurnangai/Documents/react/fastFastFront/src/App.js","statementMap":{"0":{"start":{"line":6,"column":4},"end":{"line":8,"column":6}}},"fnMap":{"0":{"name":"(anonymous_0)","decl":{"start":{"line":5,"column":2},"end":{"line":5,"column":3}},"loc":{"start":{"line":5,"column":11},"end":{"line":9,"column":3}},"line":5}},"branchMap":{},"s":{"0":1},"f":{"0":1},"b":{},"_coverageSchema":"43e27e138ebf9cfc5966b082cf9a028302ed4184","hash":"5ea5fca83fd8a1bc21303ca0caebca809a8b0bc1"}
,"/Users/arthurnangai/Documents/react/fastFastFront/src/__tests__/setup/setupEnzyme.js": {"path":"/Users/arthurnangai/Documents/react/fastFastFront/src/__tests__/setup/setupEnzyme.js","statementMap":{"0":{"start":{"line":4,"column":0},"end":{"line":4,"column":45}}},"fnMap":{},"branchMap":{},"s":{"0":1},"f":{},"b":{},"_coverageSchema":"43e27e138ebf9cfc5966b082cf9a028302ed4184","hash":"80145db69384e938062acb8d3e0b6224c5e0952e"}
,"/Users/arthurnangai/Documents/react/fastFastFront/src/routes/index.js": {"path":"/Users/arthurnangai/Documents/react/fastFastFront/src/routes/index.js","statementMap":{"0":{"start":{"line":5,"column":16},"end":{"line":13,"column":1}},"1":{"start":{"line":6,"column":4},"end":{"line":12,"column":6}}},"fnMap":{"0":{"name":"(anonymous_0)","decl":{"start":{"line":5,"column":16},"end":{"line":5,"column":17}},"loc":{"start":{"line":5,"column":22},"end":{"line":13,"column":1}},"line":5}},"branchMap":{},"s":{"0":1,"1":1},"f":{"0":1},"b":{},"_coverageSchema":"43e27e138ebf9cfc5966b082cf9a028302ed4184","hash":"5baaf103b7388c9b3002e085e8bd350cbc113487"}
,"/Users/arthurnangai/Documents/react/fastFastFront/src/views/homeView.js": {"path":"/Users/arthurnangai/Documents/react/fastFastFront/src/views/homeView.js","statementMap":{"0":{"start":{"line":3,"column":18},"end":{"line":9,"column":2}},"1":{"start":{"line":4,"column":3},"end":{"line":8,"column":5}}},"fnMap":{"0":{"name":"(anonymous_0)","decl":{"start":{"line":3,"column":18},"end":{"line":3,"column":19}},"loc":{"start":{"line":3,"column":24},"end":{"line":9,"column":2}},"line":3}},"branchMap":{},"s":{"0":1,"1":1},"f":{"0":1},"b":{},"_coverageSchema":"43e27e138ebf9cfc5966b082cf9a028302ed4184","hash":"06a14e5df1dddaface56d2d9435e13606976b40f"}
}
