TN:
SF:/Users/arthurnangai/Documents/react/fastFastFront/src/App.js
FN:5,(anonymous_0)
FNF:1
FNH:1
FNDA:1,(anonymous_0)
DA:6,1
LF:1
LH:1
BRF:0
BRH:0
end_of_record
TN:
SF:/Users/arthurnangai/Documents/react/fastFastFront/src/__tests__/setup/setupEnzyme.js
FNF:0
FNH:0
DA:4,5
LF:1
LH:1
BRF:0
BRH:0
end_of_record
TN:
SF:/Users/arthurnangai/Documents/react/fastFastFront/src/components/auth/LoginForm.jsx
FN:6,(anonymous_0)
FNF:1
FNH:1
FNDA:1,(anonymous_0)
DA:6,1
DA:9,1
DA:37,1
DA:41,1
LF:4
LH:4
BRF:0
BRH:0
end_of_record
TN:
SF:/Users/arthurnangai/Documents/react/fastFastFront/src/components/auth/SignUpForm.jsx
FN:7,(anonymous_0)
FNF:1
FNH:1
FNDA:2,(anonymous_0)
DA:7,2
DA:10,2
DA:49,2
LF:3
LH:3
BRF:0
BRH:0
end_of_record
TN:
SF:/Users/arthurnangai/Documents/react/fastFastFront/src/components/common/NumberInput.jsx
FN:4,(anonymous_0)
FNF:1
FNH:1
FNDA:1,(anonymous_0)
DA:4,3
DA:7,1
DA:8,1
DA:25,3
LF:4
LH:4
BRF:0
BRH:0
end_of_record
TN:
SF:/Users/arthurnangai/Documents/react/fastFastFront/src/components/common/PasswordInput.jsx
FN:4,(anonymous_0)
FNF:1
FNH:1
FNDA:2,(anonymous_0)
DA:4,2
DA:7,2
DA:8,2
DA:25,2
LF:4
LH:4
BRF:0
BRH:0
end_of_record
TN:
SF:/Users/arthurnangai/Documents/react/fastFastFront/src/components/common/TextInput.jsx
FN:4,(anonymous_0)
FNF:1
FNH:1
FNDA:4,(anonymous_0)
DA:4,3
DA:7,4
DA:8,4
DA:25,3
LF:4
LH:4
BRF:0
BRH:0
end_of_record
TN:
SF:/Users/arthurnangai/Documents/react/fastFastFront/src/redux/actions/actionTypes.js
FNF:0
FNH:0
DA:1,3
DA:2,3
DA:3,3
DA:4,3
DA:5,3
LF:5
LH:5
BRF:0
BRH:0
end_of_record
TN:
SF:/Users/arthurnangai/Documents/react/fastFastFront/src/redux/actions/authActions.js
FN:3,signUp
FNF:1
FNH:1
FNDA:1,signUp
DA:4,1
LF:1
LH:1
BRF:0
BRH:0
end_of_record
TN:
SF:/Users/arthurnangai/Documents/react/fastFastFront/src/redux/reducers/authReducer.js
FN:3,authReducer
FNF:1
FNH:1
FNDA:5,authReducer
DA:4,5
DA:6,1
DA:11,4
LF:3
LH:3
BRDA:3,0,0,4
BRDA:4,1,0,1
BRDA:4,1,1,4
BRF:3
BRH:3
end_of_record
TN:
SF:/Users/arthurnangai/Documents/react/fastFastFront/src/redux/reducers/index.js
FNF:0
FNH:0
DA:4,1
LF:1
LH:1
BRF:0
BRH:0
end_of_record
TN:
SF:/Users/arthurnangai/Documents/react/fastFastFront/src/redux/store/configureStore.js
FN:5,configureStore
FNF:1
FNH:1
FNDA:1,configureStore
DA:6,1
LF:1
LH:1
BRF:0
BRH:0
end_of_record
TN:
SF:/Users/arthurnangai/Documents/react/fastFastFront/src/redux/thunks/authThunk.js
FN:5,(anonymous_0)
FN:11,(anonymous_1)
FN:12,(anonymous_2)
FN:13,(anonymous_3)
FN:16,signUpUserThunk
FN:17,(anonymous_5)
FNF:6
FNH:0
FNDA:0,(anonymous_0)
FNDA:0,(anonymous_1)
FNDA:0,(anonymous_2)
FNDA:0,(anonymous_3)
FNDA:0,signUpUserThunk
FNDA:0,(anonymous_5)
DA:3,1
DA:5,1
DA:6,0
DA:11,0
DA:12,0
DA:13,0
DA:17,0
LF:7
LH:2
BRF:0
BRH:0
end_of_record
TN:
SF:/Users/arthurnangai/Documents/react/fastFastFront/src/routes/index.jsx
FN:9,(anonymous_0)
FNF:1
FNH:1
FNDA:1,(anonymous_0)
DA:7,1
DA:9,1
DA:10,1
LF:3
LH:3
BRF:0
BRH:0
end_of_record
TN:
SF:/Users/arthurnangai/Documents/react/fastFastFront/src/views/homeView.jsx
FN:12,(anonymous_0)
FN:21,(anonymous_1)
FN:30,(anonymous_2)
FN:37,(anonymous_3)
FN:44,(anonymous_4)
FN:81,mapStateToProps
FN:88,mapDispatchToProps
FNF:7
FNH:4
FNDA:1,(anonymous_0)
FNDA:0,(anonymous_1)
FNDA:0,(anonymous_2)
FNDA:0,(anonymous_3)
FNDA:1,(anonymous_4)
FNDA:1,mapStateToProps
FNDA:1,mapDispatchToProps
DA:13,1
DA:14,1
DA:17,1
DA:18,1
DA:22,0
DA:23,0
DA:24,0
DA:25,0
DA:26,0
DA:31,0
DA:32,0
DA:33,0
DA:34,0
DA:38,0
DA:39,0
DA:40,0
DA:41,0
DA:45,1
DA:46,1
DA:77,1
DA:82,1
DA:89,1
LF:22
LH:9
BRDA:23,0,0,0
BRDA:23,0,1,0
BRF:2
BRH:0
end_of_record
