TN:
SF:/Users/arthurnangai/Documents/react/fastFastFront/src/App.js
FN:5,(anonymous_0)
FNF:1
FNH:1
FNDA:1,(anonymous_0)
DA:6,1
LF:1
LH:1
BRF:0
BRH:0
end_of_record
TN:
SF:/Users/arthurnangai/Documents/react/fastFastFront/src/__tests__/setup/setupEnzyme.js
FNF:0
FNH:0
DA:4,7
LF:1
LH:1
BRF:0
BRH:0
end_of_record
TN:
SF:/Users/arthurnangai/Documents/react/fastFastFront/src/components/auth/LoginForm.jsx
FN:6,(anonymous_0)
FNF:1
FNH:1
FNDA:1,(anonymous_0)
DA:6,2
DA:9,1
DA:36,2
LF:3
LH:3
BRF:0
BRH:0
end_of_record
TN:
SF:/Users/arthurnangai/Documents/react/fastFastFront/src/components/auth/SignUpForm.jsx
FN:7,(anonymous_0)
FNF:1
FNH:1
FNDA:2,(anonymous_0)
DA:7,3
DA:10,2
DA:51,3
LF:3
LH:3
BRF:0
BRH:0
end_of_record
TN:
SF:/Users/arthurnangai/Documents/react/fastFastFront/src/components/common/NumberInput.jsx
FN:4,(anonymous_0)
FNF:1
FNH:1
FNDA:1,(anonymous_0)
DA:4,4
DA:7,1
DA:8,1
DA:25,4
LF:4
LH:4
BRF:0
BRH:0
end_of_record
TN:
SF:/Users/arthurnangai/Documents/react/fastFastFront/src/components/common/PasswordInput.jsx
FN:4,(anonymous_0)
FNF:1
FNH:1
FNDA:2,(anonymous_0)
DA:4,3
DA:7,2
DA:8,2
DA:25,3
LF:4
LH:4
BRF:0
BRH:0
end_of_record
TN:
SF:/Users/arthurnangai/Documents/react/fastFastFront/src/components/common/TextInput.jsx
FN:4,(anonymous_0)
FNF:1
FNH:1
FNDA:4,(anonymous_0)
DA:4,4
DA:7,4
DA:8,4
DA:25,4
LF:4
LH:4
BRF:0
BRH:0
end_of_record
TN:
SF:/Users/arthurnangai/Documents/react/fastFastFront/src/redux/actions/actionTypes.js
FNF:0
FNH:0
DA:1,5
DA:2,5
DA:3,5
DA:4,5
DA:5,5
LF:5
LH:5
BRF:0
BRH:0
end_of_record
TN:
SF:/Users/arthurnangai/Documents/react/fastFastFront/src/redux/actions/authActions.js
FN:3,signUp
FN:7,loginUser
FNF:2
FNH:2
FNDA:1,signUp
FNDA:1,loginUser
DA:4,1
DA:8,1
LF:2
LH:2
BRF:0
BRH:0
end_of_record
TN:
SF:/Users/arthurnangai/Documents/react/fastFastFront/src/redux/reducers/authReducer.js
FN:3,authReducer
FNF:1
FNH:1
FNDA:5,authReducer
DA:4,5
DA:6,1
DA:11,4
LF:3
LH:3
BRDA:3,0,0,4
BRDA:4,1,0,1
BRDA:4,1,1,4
BRF:3
BRH:3
end_of_record
TN:
SF:/Users/arthurnangai/Documents/react/fastFastFront/src/redux/reducers/index.js
FNF:0
FNH:0
DA:5,1
LF:1
LH:1
BRF:0
BRH:0
end_of_record
TN:
SF:/Users/arthurnangai/Documents/react/fastFastFront/src/redux/reducers/loginReducer.js
FN:3,loginReducer
FNF:1
FNH:1
FNDA:5,loginReducer
DA:4,5
DA:6,1
DA:10,4
LF:3
LH:3
BRDA:3,0,0,4
BRDA:4,1,0,1
BRDA:4,1,1,4
BRF:3
BRH:3
end_of_record
TN:
SF:/Users/arthurnangai/Documents/react/fastFastFront/src/redux/store/configureStore.js
FN:5,configureStore
FNF:1
FNH:1
FNDA:1,configureStore
DA:6,1
LF:1
LH:1
BRF:0
BRH:0
end_of_record
TN:
SF:/Users/arthurnangai/Documents/react/fastFastFront/src/redux/thunks/index.js
FN:3,(anonymous_0)
FN:9,(anonymous_1)
FN:10,(anonymous_2)
FN:11,(anonymous_3)
FN:14,postDataThunk
FN:15,(anonymous_5)
FNF:6
FNH:0
FNDA:0,(anonymous_0)
FNDA:0,(anonymous_1)
FNDA:0,(anonymous_2)
FNDA:0,(anonymous_3)
FNDA:0,postDataThunk
FNDA:0,(anonymous_5)
DA:1,2
DA:3,2
DA:4,0
DA:9,0
DA:10,0
DA:11,0
DA:15,0
LF:7
LH:2
BRF:0
BRH:0
end_of_record
TN:
SF:/Users/arthurnangai/Documents/react/fastFastFront/src/routes/index.jsx
FN:9,(anonymous_0)
FNF:1
FNH:1
FNDA:1,(anonymous_0)
DA:7,1
DA:9,1
DA:10,1
LF:3
LH:3
BRF:0
BRH:0
end_of_record
TN:
SF:/Users/arthurnangai/Documents/react/fastFastFront/src/views/homeView.jsx
FN:13,(anonymous_0)
FN:23,(anonymous_1)
FN:39,(anonymous_2)
FN:46,(anonymous_3)
FN:53,(anonymous_4)
FN:60,(anonymous_5)
FN:97,mapStateToProps
FN:104,mapDispatchToProps
FNF:8
FNH:8
FNDA:4,(anonymous_0)
FNDA:1,(anonymous_1)
FNDA:1,(anonymous_2)
FNDA:1,(anonymous_3)
FNDA:1,(anonymous_4)
FNDA:5,(anonymous_5)
FNDA:1,mapStateToProps
FNDA:1,mapDispatchToProps
DA:14,4
DA:15,4
DA:18,4
DA:19,4
DA:20,4
DA:24,1
DA:25,1
DA:26,0
DA:27,0
DA:29,1
DA:30,0
DA:31,0
DA:33,0
DA:34,0
DA:35,0
DA:40,1
DA:41,1
DA:42,1
DA:43,1
DA:47,1
DA:48,1
DA:49,1
DA:50,1
DA:54,1
DA:55,1
DA:56,1
DA:57,1
DA:61,5
DA:62,5
DA:93,2
DA:98,1
DA:105,1
LF:32
LH:25
BRDA:25,0,0,0
BRDA:25,0,1,1
BRDA:25,1,0,1
BRDA:25,1,1,0
BRDA:29,2,0,0
BRDA:29,2,1,1
BRDA:30,3,0,0
BRDA:30,3,1,0
BRF:8
BRH:3
end_of_record
